<?xml version="1.0" encoding="UTF-8"?>
<!-- Generated by org.testng.reporters.JUnitReportReporter -->
<testsuite skipped="0" hostname="DESKTOP-SC9RK3H" name="com.training.sanity.tests.CyclosCYTC_001" tests="1" failures="0" timestamp="01 Mar 2019 04:08:46 GMT" time="32.052" errors="0">
  <testcase name="userAccountCreation" time="32.052" classname="com.training.sanity.tests.CyclosCYTC_001"/>
</testsuite> <!-- com.training.sanity.tests.CyclosCYTC_001 -->
