<?xml version="1.0" encoding="UTF-8"?>
<!-- Generated by org.testng.reporters.JUnitReportReporter -->
<testsuite skipped="0" hostname="DESKTOP-SC9RK3H" name="com.training.sanity.tests.CyclosCYTC_001" tests="1" failures="0" timestamp="15 Feb 2019 04:57:24 GMT" time="19.249" errors="0">
  <testcase name="userAccountCreation" time="19.249" classname="com.training.sanity.tests.CyclosCYTC_001"/>
</testsuite> <!-- com.training.sanity.tests.CyclosCYTC_001 -->
