<?xml version="1.0" encoding="UTF-8"?>
<!-- Generated by org.testng.reporters.JUnitReportReporter -->
<testsuite skipped="0" hostname="DESKTOP-SC9RK3H" name="com.training.sanity.tests.CyclosCYTC_035" tests="3" failures="0" timestamp="21 Feb 2019 16:21:08 GMT" time="4.105" errors="0">
  <testcase name="UserLoginTest" time="0.627" classname="com.training.sanity.tests.CyclosCYTC_035"/>
  <testcase name="ViewLoanBalanceTest" time="1.493" classname="com.training.sanity.tests.CyclosCYTC_035"/>
  <testcase name="RepaymentTest" time="1.985" classname="com.training.sanity.tests.CyclosCYTC_035"/>
</testsuite> <!-- com.training.sanity.tests.CyclosCYTC_035 -->
