<?xml version="1.0" encoding="UTF-8"?>
<!-- Generated by org.testng.reporters.JUnitReportReporter -->
<testsuite skipped="0" hostname="DESKTOP-SC9RK3H" name="com.training.sanity.tests.CyclosCYTC_002" tests="1" failures="0" timestamp="13 Feb 2019 11:18:08 GMT" time="7.998" errors="0">
  <testcase name="userAccountCreation" time="7.998" classname="com.training.sanity.tests.CyclosCYTC_002"/>
</testsuite> <!-- com.training.sanity.tests.CyclosCYTC_002 -->
