<?xml version="1.0" encoding="UTF-8"?>
<!-- Generated by org.testng.reporters.JUnitReportReporter -->
<testsuite skipped="0" hostname="DESKTOP-SC9RK3H" name="com.training.sanity.tests.CyclosCYTC_032" tests="4" failures="0" timestamp="19 Feb 2019 09:44:20 GMT" time="4.787" errors="0">
  <testcase name="adminLoginTest" time="1.375" classname="com.training.sanity.tests.CyclosCYTC_032"/>
  <testcase name="addAdvertisementForMember" time="2.021" classname="com.training.sanity.tests.CyclosCYTC_032"/>
  <testcase name="AdminLogoutTest" time="0.079" classname="com.training.sanity.tests.CyclosCYTC_032"/>
  <testcase name="VerifyingAdvertisementAdded" time="1.312" classname="com.training.sanity.tests.CyclosCYTC_032"/>
</testsuite> <!-- com.training.sanity.tests.CyclosCYTC_032 -->
