<?xml version="1.0" encoding="UTF-8"?>
<!-- Generated by org.testng.reporters.JUnitReportReporter -->
<testsuite skipped="0" hostname="DESKTOP-SC9RK3H" name="com.training.regression.tests.CYTC_061UserRegistrationExcelTest" tests="3" failures="0" timestamp="04 Mar 2019 16:02:55 GMT" time="29.222" errors="0">
  <testcase name="UserRegistrationTest" time="9.894" classname="com.training.regression.tests.CYTC_061UserRegistrationExcelTest"/>
  <testcase name="UserRegistrationTest" time="8.668" classname="com.training.regression.tests.CYTC_061UserRegistrationExcelTest"/>
  <testcase name="UserRegistrationTest" time="10.660" classname="com.training.regression.tests.CYTC_061UserRegistrationExcelTest"/>
</testsuite> <!-- com.training.regression.tests.CYTC_061UserRegistrationExcelTest -->
