<?xml version="1.0" encoding="UTF-8"?>
<!-- Generated by org.testng.reporters.JUnitReportReporter -->
<testsuite skipped="0" hostname="DESKTOP-SC9RK3H" name="com.training.sanity.tests.CyclosCYTC_004" tests="1" failures="0" timestamp="14 Feb 2019 06:05:57 GMT" time="7.689" errors="0">
  <testcase name="adminLoginTest" time="7.689" classname="com.training.sanity.tests.CyclosCYTC_004"/>
</testsuite> <!-- com.training.sanity.tests.CyclosCYTC_004 -->
