<?xml version="1.0" encoding="UTF-8"?>
<!-- Generated by org.testng.reporters.JUnitReportReporter -->
<testsuite skipped="0" hostname="DESKTOP-SC9RK3H" name="com.training.regression.tests.CYTC_065UserRegistrationAndProvideAccessToMemberDBTest" tests="3" failures="0" timestamp="08 Mar 2019 05:27:45 GMT" time="19.057" errors="0">
  <testcase name="createNewMember" time="16.209" classname="com.training.regression.tests.CYTC_065UserRegistrationAndProvideAccessToMemberDBTest"/>
  <testcase name="adminLoginTest" time="0.780" classname="com.training.regression.tests.CYTC_065UserRegistrationAndProvideAccessToMemberDBTest"/>
  <testcase name="provideAccessToMember" time="2.068" classname="com.training.regression.tests.CYTC_065UserRegistrationAndProvideAccessToMemberDBTest"/>
</testsuite> <!-- com.training.regression.tests.CYTC_065UserRegistrationAndProvideAccessToMemberDBTest -->
