<?xml version="1.0" encoding="UTF-8"?>
<!-- Generated by org.testng.reporters.JUnitReportReporter -->
<testsuite skipped="0" hostname="DESKTOP-SC9RK3H" name="com.training.sanity.tests.CyclosCYTC_033" tests="3" failures="0" timestamp="19 Feb 2019 11:03:48 GMT" time="3.405" errors="0">
  <testcase name="adminLoginTest" time="1.307" classname="com.training.sanity.tests.CyclosCYTC_033"/>
  <testcase name="addLoanForMember" time="1.821" classname="com.training.sanity.tests.CyclosCYTC_033"/>
  <testcase name="VerifyTheAddedLoans" time="0.277" classname="com.training.sanity.tests.CyclosCYTC_033"/>
</testsuite> <!-- com.training.sanity.tests.CyclosCYTC_033 -->
