<?xml version="1.0" encoding="UTF-8"?>
<!-- Generated by org.testng.reporters.JUnitReportReporter -->
<testsuite skipped="0" hostname="DESKTOP-SC9RK3H" name="com.training.sanity.tests.CyclosCYTC_034" tests="5" failures="0" timestamp="21 Feb 2019 11:34:04 GMT" time="4.572" errors="0">
  <testcase name="UserLoginTest" time="0.743" classname="com.training.sanity.tests.CyclosCYTC_034"/>
  <testcase name="ViewLoanBalanceTest" time="0.833" classname="com.training.sanity.tests.CyclosCYTC_034"/>
  <testcase name="RepaymentTest" time="0.630" classname="com.training.sanity.tests.CyclosCYTC_034"/>
  <testcase name="UserLogoutTest" time="0.086" classname="com.training.sanity.tests.CyclosCYTC_034"/>
  <testcase name="AdminLogin" time="2.280" classname="com.training.sanity.tests.CyclosCYTC_034"/>
</testsuite> <!-- com.training.sanity.tests.CyclosCYTC_034 -->
