<?xml version="1.0" encoding="UTF-8"?>
<!-- Generated by org.testng.reporters.JUnitReportReporter -->
<testsuite skipped="0" hostname="DESKTOP-SC9RK3H" name="com.training.sanity.tests.CyclosCYTC_005" tests="2" failures="0" timestamp="14 Feb 2019 12:58:16 GMT" time="3.271" errors="0">
  <testcase name="userLoginTest" time="1.648" classname="com.training.sanity.tests.CyclosCYTC_005"/>
  <testcase name="userDetailsModificationTest" time="1.623" classname="com.training.sanity.tests.CyclosCYTC_005"/>
</testsuite> <!-- com.training.sanity.tests.CyclosCYTC_005 -->
