<?xml version="1.0" encoding="UTF-8"?>
<!-- Generated by org.testng.reporters.JUnitReportReporter -->
<testsuite skipped="0" hostname="DESKTOP-SC9RK3H" name="com.training.regression.tests.CYTC_063UserRegistrationDBTest" tests="1" failures="0" timestamp="08 Mar 2019 04:40:04 GMT" time="16.927" errors="0">
  <testcase name="loginDBTest" time="16.927" classname="com.training.regression.tests.CYTC_063UserRegistrationDBTest"/>
</testsuite> <!-- com.training.regression.tests.CYTC_063UserRegistrationDBTest -->
