<?xml version="1.0" encoding="UTF-8"?>
<!-- Generated by org.testng.reporters.JUnitReportReporter -->
<testsuite skipped="0" hostname="DESKTOP-SC9RK3H" name="com.training.sanity.tests.CyclosCYTC_031" tests="4" failures="0" timestamp="19 Feb 2019 09:17:10 GMT" time="4.753" errors="0">
  <testcase name="adminLoginTest" time="1.266" classname="com.training.sanity.tests.CyclosCYTC_031"/>
  <testcase name="addAdvertisementForMember" time="2.255" classname="com.training.sanity.tests.CyclosCYTC_031"/>
  <testcase name="AdminLogoutTest" time="0.086" classname="com.training.sanity.tests.CyclosCYTC_031"/>
  <testcase name="VerifyingAdvertisementAdded" time="1.146" classname="com.training.sanity.tests.CyclosCYTC_031"/>
</testsuite> <!-- com.training.sanity.tests.CyclosCYTC_031 -->
